Activating privacy features... done.
http://quic.dincersalihkurnaz.com
https://quic.dincersalihkurnaz.com
Activating privacy features... done.
https://quic.dincersalihkurnaz.com
http://quic.dincersalihkurnaz.com
Activating privacy features... done.
https://quic.dincersalihkurnaz.com
http://quic.dincersalihkurnaz.com
Activating privacy features... done.
https://quic.dincersalihkurnaz.com
http://quic.dincersalihkurnaz.com
Activating privacy features... done.
https://quic.dincersalihkurnaz.com
http://quic.dincersalihkurnaz.com
Activating privacy features... done.
https://quic.dincersalihkurnaz.com
http://quic.dincersalihkurnaz.com
Activating privacy features... done.
https://quic.dincersalihkurnaz.com
http://quic.dincersalihkurnaz.com
Activating privacy features... done.
https://quic.dincersalihkurnaz.com
http://quic.dincersalihkurnaz.com
Activating privacy features... done.
https://quic.dincersalihkurnaz.com
http://quic.dincersalihkurnaz.com
Activating privacy features... done.
2016/12/14 06:41:05 listen tcp :443: bind: address already in use
Activating privacy features... done.
http://quic.dincersalihkurnaz.com
https://quic.dincersalihkurnaz.com
Activating privacy features... done.
https://quic.dincersalihkurnaz.com
http://quic.dincersalihkurnaz.com
Activating privacy features... done.
2016/12/14 06:57:52 listen tcp :443: bind: address already in use
Activating privacy features... done.
2016/12/14 06:57:53 listen tcp :443: bind: address already in use
Activating privacy features... done.
2016/12/14 06:57:54 listen tcp :443: bind: address already in use
Activating privacy features... done.
http://quic.dincersalihkurnaz.com
https://quic.dincersalihkurnaz.com
Activating privacy features... done.
http://quic.dincersalihkurnaz.com
https://quic.dincersalihkurnaz.com
Activating privacy features... done.
https://quic.dincersalihkurnaz.com
http://quic.dincersalihkurnaz.com
Activating privacy features... done.
https://quic.dincersalihkurnaz.com
http://quic.dincersalihkurnaz.com
Activating privacy features... done.
https://quic.dincersalihkurnaz.com
http://quic.dincersalihkurnaz.com
Activating privacy features... done.
https://quic.dincersalihkurnaz.com
http://quic.dincersalihkurnaz.com
Activating privacy features... done.
https://quic.dincersalihkurnaz.com
http://quic.dincersalihkurnaz.com
Activating privacy features... done.
https://quic.dincersalihkurnaz.com
http://quic.dincersalihkurnaz.com
Activating privacy features...2016/12/21 20:53:35 [quictransfer.com] failed to get certificate: acme: Error 403 - urn:acme:error:unauthorized - Invalid response from http://quictransfer.com/.well-known/acme-challenge/sYnOOp-s0UiUXcIy7nWDtABGp4EKvAxj3VqY87f0Jlw: "<!doctype html>
<html lang="en">
<head>
    <meta charset="utf-8">
    <title>404 Page Not Found - InvoicePlane</title>
    <met"
Error Detail:
	Validation for quictransfer.com:80
	Resolved to:
		95.85.48.125
	Used: 95.85.48.125


Activating privacy features... done.
https://quictransfer.com
http://quictransfer.com
Activating privacy features... done.
https://quictransfer.com
http://quictransfer.com
Activating privacy features... done.
https://quictransfer.com
http://quictransfer.com
Activating privacy features... done.
https://quictransfer.com
http://quictransfer.com
Activating privacy features... done.
https://quictransfer.com
http://quictransfer.com
Activating privacy features... done.
https://quictransfer.com
http://quictransfer.com
Activating privacy features... done.
http://95.85.48.124:2015
https://quictransfer.com
http://quictransfer.com
Activating privacy features... done.
http://95.85.48.124:2015
https://quictransfer.com
http://quictransfer.com
Activating privacy features... done.
https://quictransfer.com
http://quictransfer.com
http://95.85.48.124:2015
Activating privacy features... done.
http://95.85.48.124
http://quictransfer.com
https://quictransfer.com
Activating privacy features... done.
http://95.85.48.124
http://quictransfer.com
https://quictransfer.com
